<?xml version="1.0" encoding="utf-8"?><testsuites name="pytest tests"><testsuite name="pytest" errors="0" failures="0" skipped="0" tests="11" time="10.594" timestamp="2026-02-18T16:44:50.070343+00:00" hostname="agent-env-160350b9-987a-4013-b489-53965d0da66e"><testcase classname="backend.tests.test_ownership_type.TestOwnershipTypeFeature" name="test_create_our_property_type" time="1.067" /><testcase classname="backend.tests.test_ownership_type.TestOwnershipTypeFeature" name="test_create_outside_property_type" time="1.162" /><testcase classname="backend.tests.test_ownership_type.TestOwnershipTypeFeature" name="test_default_ownership_type_is_outside_property" time="1.183" /><testcase classname="backend.tests.test_ownership_type.TestOwnershipTypeFeature" name="test_update_property_ownership_type" time="1.624" /><testcase classname="backend.tests.test_ownership_type.TestOwnershipTypeFeature" name="test_get_properties_returns_ownership_type" time="1.312" /><testcase classname="backend.tests.test_ownership_type.TestOwnershipTypeFeature" name="test_ownership_type_enum_validation" time="1.129" /><testcase classname="backend.tests.test_ownership_type.TestHealthCheck" name="test_health_endpoint" time="0.134" /><testcase classname="backend.tests.test_ownership_type.TestHealthCheck" name="test_login_with_admin" time="0.372" /><testcase classname="backend.tests.test_ownership_type.TestPropertiesEndpoints" name="test_get_properties_list" time="0.541" /><testcase classname="backend.tests.test_ownership_type.TestPropertiesEndpoints" name="test_get_properties_include_archived" time="0.542" /><testcase classname="backend.tests.test_ownership_type.TestPropertiesEndpoints" name="test_archive_and_restore_property" time="1.346" /></testsuite></testsuites>