<?xml version="1.0" encoding="utf-8"?><testsuites name="pytest tests"><testsuite name="pytest" errors="0" failures="1" skipped="1" tests="11" time="4.076" timestamp="2026-02-16T10:24:16.298262+00:00" hostname="agent-env-4186e598-36b9-43e9-a592-42305e996284"><testcase classname="backend.tests.test_email_and_analytics.TestOTPEmailFlow" name="test_request_otp_success" time="0.364" /><testcase classname="backend.tests.test_email_and_analytics.TestOTPEmailFlow" name="test_request_otp_with_email" time="0.287" /><testcase classname="backend.tests.test_email_and_analytics.TestOTPEmailFlow" name="test_request_otp_invalid_user" time="0.102" /><testcase classname="backend.tests.test_email_and_analytics.TestOTPEmailFlow" name="test_request_otp_non_admin_rejected" time="0.588" /><testcase classname="backend.tests.test_email_and_analytics.TestTherapistWelcomeEmail" name="test_create_therapist_sends_email" time="0.342"><failure message="AssertionError: Failed to create therapist: {&quot;detail&quot;:[{&quot;type&quot;:&quot;missing&quot;,&quot;loc&quot;:[&quot;body&quot;,&quot;experience_years&quot;],&quot;msg&quot;:&quot;Field required&quot;,&quot;input&quot;:{&quot;full_name&quot;:&quot;Test Therapist uiol&quot;,&quot;email&quot;:&quot;test.therapist.1771237457@gmail.com&quot;,&quot;phone&quot;:&quot;+919876547457&quot;,&quot;date_of_birth&quot;:&quot;1990-05-15&quot;,&quot;assigned_property_id&quot;:&quot;Taj Palace Mumbai&quot;,&quot;monthly_target&quot;:50000},&quot;url&quot;:&quot;https://errors.pydantic.dev/2.12/v/missing&quot;}]}&#10;assert 422 == 200&#10; +  where 422 = &lt;Response [422]&gt;.status_code">backend/tests/test_email_and_analytics.py:143: in test_create_therapist_sends_email
    assert response.status_code == 200, f"Failed to create therapist: {response.text}"
E   AssertionError: Failed to create therapist: {"detail":[{"type":"missing","loc":["body","experience_years"],"msg":"Field required","input":{"full_name":"Test Therapist uiol","email":"test.therapist.1771237457@gmail.com","phone":"+919876547457","date_of_birth":"1990-05-15","assigned_property_id":"Taj Palace Mumbai","monthly_target":50000},"url":"https://errors.pydantic.dev/2.12/v/missing"}]}
E   assert 422 == 200
E    +  where 422 = &lt;Response [422]&gt;.status_code</failure></testcase><testcase classname="backend.tests.test_email_and_analytics.TestCustomerFeedbackEmail" name="test_service_entry_with_email_sends_feedback" time="0.887"><skipped type="pytest.skip" message="Could not login as therapist: {&quot;detail&quot;:&quot;Invalid credentials&quot;}">/app/backend/tests/test_email_and_analytics.py:209: Could not login as therapist: {"detail":"Invalid credentials"}</skipped></testcase><testcase classname="backend.tests.test_email_and_analytics.TestForecastAPI" name="test_forecast_returns_valid_data" time="0.282" /><testcase classname="backend.tests.test_email_and_analytics.TestForecastAPI" name="test_forecast_historical_data_structure" time="0.429" /><testcase classname="backend.tests.test_email_and_analytics.TestForecastAPI" name="test_forecast_unauthorized_fails" time="0.100" /><testcase classname="backend.tests.test_email_and_analytics.TestAnalyticsNavigation" name="test_analytics_nav_card_exists_in_dashboard" time="0.100" /><testcase classname="backend.tests.test_email_and_analytics.TestEmailServiceConfiguration" name="test_email_enabled_in_env" time="0.456" /></testsuite></testsuites>