<?xml version="1.0" encoding="utf-8"?><testsuites name="pytest tests"><testsuite name="pytest" errors="0" failures="0" skipped="1" tests="11" time="3.154" timestamp="2026-02-16T10:26:16.457608+00:00" hostname="agent-env-4186e598-36b9-43e9-a592-42305e996284"><testcase classname="backend.tests.test_email_and_analytics.TestOTPEmailFlow" name="test_request_otp_success" time="0.344" /><testcase classname="backend.tests.test_email_and_analytics.TestOTPEmailFlow" name="test_request_otp_with_email" time="0.296" /><testcase classname="backend.tests.test_email_and_analytics.TestOTPEmailFlow" name="test_request_otp_invalid_user" time="0.098" /><testcase classname="backend.tests.test_email_and_analytics.TestOTPEmailFlow" name="test_request_otp_non_admin_rejected" time="0.573" /><testcase classname="backend.tests.test_email_and_analytics.TestTherapistWelcomeEmail" name="test_create_therapist_sends_email" time="0.588" /><testcase classname="backend.tests.test_email_and_analytics.TestCustomerFeedbackEmail" name="test_service_entry_with_email_sends_feedback" time="0.547"><skipped type="pytest.skip" message="Could not login as therapist: {&quot;detail&quot;:&quot;Invalid credentials&quot;}">/app/backend/tests/test_email_and_analytics.py:210: Could not login as therapist: {"detail":"Invalid credentials"}</skipped></testcase><testcase classname="backend.tests.test_email_and_analytics.TestForecastAPI" name="test_forecast_returns_valid_data" time="0.106" /><testcase classname="backend.tests.test_email_and_analytics.TestForecastAPI" name="test_forecast_historical_data_structure" time="0.099" /><testcase classname="backend.tests.test_email_and_analytics.TestForecastAPI" name="test_forecast_unauthorized_fails" time="0.100" /><testcase classname="backend.tests.test_email_and_analytics.TestAnalyticsNavigation" name="test_analytics_nav_card_exists_in_dashboard" time="0.097" /><testcase classname="backend.tests.test_email_and_analytics.TestEmailServiceConfiguration" name="test_email_enabled_in_env" time="0.255" /></testsuite></testsuites>