<?xml version="1.0" encoding="utf-8"?><testsuites name="pytest tests"><testsuite name="pytest" errors="0" failures="0" skipped="0" tests="13" time="6.583" timestamp="2026-02-15T20:23:14.585306+00:00" hostname="agent-env-f2c4ee86-89e2-4089-a966-e81047130357"><testcase classname="backend.tests.test_api.TestAuthEndpoints" name="test_admin_login_success" time="0.555" /><testcase classname="backend.tests.test_api.TestAuthEndpoints" name="test_login_invalid_credentials" time="0.119" /><testcase classname="backend.tests.test_api.TestPropertiesEndpoints" name="test_get_properties_authenticated" time="0.469" /><testcase classname="backend.tests.test_api.TestPropertiesEndpoints" name="test_get_properties_unauthenticated" time="0.197" /><testcase classname="backend.tests.test_api.TestTherapistsEndpoints" name="test_get_therapists" time="0.487" /><testcase classname="backend.tests.test_api.TestServicesEndpoints" name="test_get_services_with_date_filter" time="0.454" /><testcase classname="backend.tests.test_api.TestServicesEndpoints" name="test_get_services_with_month_filter" time="0.462" /><testcase classname="backend.tests.test_api.TestExpensesEndpoints" name="test_get_expenses" time="0.588" /><testcase classname="backend.tests.test_api.TestExpensesEndpoints" name="test_get_expenses_with_date_filter" time="0.540" /><testcase classname="backend.tests.test_api.TestExpensesEndpoints" name="test_get_expense_summary" time="0.442" /><testcase classname="backend.tests.test_api.TestExpensesEndpoints" name="test_create_expense_and_verify" time="0.818" /><testcase classname="backend.tests.test_api.TestExpensesEndpoints" name="test_delete_expense_not_found" time="0.876" /><testcase classname="backend.tests.test_api.TestDashboardAnalytics" name="test_dashboard_analytics" time="0.465" /></testsuite></testsuites>